<?xml version="1.0" encoding="UTF-8"?>
<!-- Generated by org.testng.reporters.JUnitXMLReporter -->
<testsuite ignored="21" hostname="DESKTOP-353CMR5" failures="0" tests="7" name="Test" time="53.506" errors="0" timestamp="2025-07-01T12:05:25 MYT">
  <testcase classname="DashboardTestCase.TC0001_DashboardTest" name="verifytimeTitle" time="3.013"/>
  <testcase classname="DashboardTestCase.TC0001_DashboardTest" name="verifyactionTitle" time="2.525"/>
  <testcase classname="DashboardTestCase.TC0001_DashboardTest" name="verifylaunchTitle" time="2.33"/>
  <testcase classname="DashboardTestCase.TC0001_DashboardTest" name="verifyBuzzTitle" time="3.249"/>
  <testcase classname="DashboardTestCase.TC0001_DashboardTest" name="verifyOnleaveTitle" time="2.664"/>
  <testcase classname="DashboardTestCase.TC0001_DashboardTest" name="verifysubunitTitle" time="3.133"/>
  <testcase classname="DashboardTestCase.TC0001_DashboardTest" name="verifylocationTitle" time="2.703"/>
  <testcase classname="MyInfoTestCases.TC0001_MyInfoTest" name="navigateCntctPge" time="0.0">
    <ignored/>
  </testcase> <!-- navigateCntctPge -->
  <testcase classname="MyInfoTestCases.TC0001_MyInfoTest" name="navigateEmrgncyPge" time="0.0">
    <ignored/>
  </testcase> <!-- navigateEmrgncyPge -->
  <testcase classname="MyInfoTestCases.TC0002_MyInfoTest" name="changenationality" time="0.0">
    <ignored/>
  </testcase> <!-- changenationality -->
  <testcase classname="MyInfoTestCases.TC0002_MyInfoTest" name="changeadminname" time="0.0">
    <ignored/>
  </testcase> <!-- changeadminname -->
  <testcase classname="MyInfoTestCases.TC0003_MyInfoTest" name="verifycalendarmonthlicense" time="0.0">
    <ignored/>
  </testcase> <!-- verifycalendarmonthlicense -->
  <testcase classname="LoginTestCases.TC0003_LoginTest" name="LogoutTest" time="0.0">
    <ignored/>
  </testcase> <!-- LogoutTest -->
  <testcase classname="MyInfoTestCases.TC0002_MyInfoTest" name="setGender" time="0.0">
    <ignored/>
  </testcase> <!-- setGender -->
  <testcase classname="MyInfoTestCases.TC0001_MyInfoTest" name="navigateQualificationPge" time="0.0">
    <ignored/>
  </testcase> <!-- navigateQualificationPge -->
  <testcase classname="MyInfoTestCases.TC0001_MyInfoTest" name="navigateSalaryPge" time="0.0">
    <ignored/>
  </testcase> <!-- navigateSalaryPge -->
  <testcase classname="MyInfoTestCases.TC0003_MyInfoTest" name="verifyyearlicense" time="0.0">
    <ignored/>
  </testcase> <!-- verifyyearlicense -->
  <testcase classname="LoginTestCases.TC0004_LoginTest" name="verifyCurrentErrorMessage" time="0.0">
    <ignored/>
  </testcase> <!-- verifyCurrentErrorMessage -->
  <testcase classname="MyInfoTestCases.TC0002_MyInfoTest" name="changeLicenseDate" time="0.0">
    <ignored/>
  </testcase> <!-- changeLicenseDate -->
  <testcase classname="MyInfoTestCases.TC0001_MyInfoTest" name="navigateReportPge" time="0.0">
    <ignored/>
  </testcase> <!-- navigateReportPge -->
  <testcase classname="MyInfoTestCases.TC0001_MyInfoTest" name="navigateDependantPge" time="0.0">
    <ignored/>
  </testcase> <!-- navigateDependantPge -->
  <testcase classname="MyInfoTestCases.TC0001_MyInfoTest" name="navigateImigrationPge" time="0.0">
    <ignored/>
  </testcase> <!-- navigateImigrationPge -->
  <testcase classname="MyInfoTestCases.TC0001_MyInfoTest" name="navigateJobPge" time="0.0">
    <ignored/>
  </testcase> <!-- navigateJobPge -->
  <testcase classname="MyInfoTestCases.TC0001_MyInfoTest" name="navigateMmbershipPge" time="0.0">
    <ignored/>
  </testcase> <!-- navigateMmbershipPge -->
  <testcase classname="MyInfoTestCases.TC0001_MyInfoTest" name="navigatePrsnlPage" time="0.0">
    <ignored/>
  </testcase> <!-- navigatePrsnlPage -->
  <testcase classname="LoginTestCases.TC0004_LoginTest" name="verifyConfirmErrorMessage" time="0.0">
    <ignored/>
  </testcase> <!-- verifyConfirmErrorMessage -->
  <testcase classname="LoginTestCases.TC0002_LoginTest" name="checkLoginLogoTest" time="0.0">
    <ignored/>
  </testcase> <!-- checkLoginLogoTest -->
  <testcase classname="LoginTestCases.TC0001_LoginTest" name="loginTest" time="0.0">
    <ignored/>
  </testcase> <!-- loginTest -->
</testsuite> <!-- Test -->
