<?xml version="1.0" encoding="UTF-8"?>
<testng-results ignored="21" total="28" passed="7" failed="0" skipped="0">
  <reporter-output>
  </reporter-output>
  <suite started-at="2025-07-01T12:04:31 MYT" name="Suite" finished-at="2025-07-01T12:05:25 MYT" duration-ms="53506">
    <groups>
      <group name="Dashboard">
        <method signature="TC0001_DashboardTest.verifytimeTitle()[pri:1, instance:DashboardTestCase.TC0001_DashboardTest@77f1baf5]" name="verifytimeTitle" class="DashboardTestCase.TC0001_DashboardTest"/>
        <method signature="TC0001_DashboardTest.verifyactionTitle()[pri:2, instance:DashboardTestCase.TC0001_DashboardTest@77f1baf5]" name="verifyactionTitle" class="DashboardTestCase.TC0001_DashboardTest"/>
        <method signature="TC0001_DashboardTest.verifylaunchTitle()[pri:3, instance:DashboardTestCase.TC0001_DashboardTest@77f1baf5]" name="verifylaunchTitle" class="DashboardTestCase.TC0001_DashboardTest"/>
        <method signature="TC0001_DashboardTest.verifyBuzzTitle()[pri:4, instance:DashboardTestCase.TC0001_DashboardTest@77f1baf5]" name="verifyBuzzTitle" class="DashboardTestCase.TC0001_DashboardTest"/>
        <method signature="TC0001_DashboardTest.verifyOnleaveTitle()[pri:5, instance:DashboardTestCase.TC0001_DashboardTest@77f1baf5]" name="verifyOnleaveTitle" class="DashboardTestCase.TC0001_DashboardTest"/>
        <method signature="TC0001_DashboardTest.verifysubunitTitle()[pri:6, instance:DashboardTestCase.TC0001_DashboardTest@77f1baf5]" name="verifysubunitTitle" class="DashboardTestCase.TC0001_DashboardTest"/>
        <method signature="TC0001_DashboardTest.verifylocationTitle()[pri:7, instance:DashboardTestCase.TC0001_DashboardTest@77f1baf5]" name="verifylocationTitle" class="DashboardTestCase.TC0001_DashboardTest"/>
      </group> <!-- Dashboard -->
    </groups>
    <test started-at="2025-07-01T12:04:31 MYT" name="Test" finished-at="2025-07-01T12:05:25 MYT" duration-ms="53506">
      <class name="DashboardTestCase.TC0001_DashboardTest">
        <test-method is-config="true" signature="setup()[pri:0, instance:DashboardTestCase.TC0001_DashboardTest@77f1baf5]" started-at="2025-07-01T12:04:31 MYT" name="setup" finished-at="2025-07-01T12:04:44 MYT" duration-ms="12229" status="PASS">
          <reporter-output>
          </reporter-output>
        </test-method> <!-- setup -->
        <test-method is-config="true" signature="login()[pri:0, instance:DashboardTestCase.TC0001_DashboardTest@77f1baf5]" started-at="2025-07-01T12:04:44 MYT" name="login" finished-at="2025-07-01T12:04:46 MYT" duration-ms="2643" status="PASS">
          <reporter-output>
          </reporter-output>
        </test-method> <!-- login -->
        <test-method signature="verifytimeTitle()[pri:1, instance:DashboardTestCase.TC0001_DashboardTest@77f1baf5]" started-at="2025-07-01T12:04:46 MYT" name="verifytimeTitle" finished-at="2025-07-01T12:04:49 MYT" duration-ms="3013" status="PASS">
          <reporter-output>
          </reporter-output>
        </test-method> <!-- verifytimeTitle -->
        <test-method is-config="true" signature="login()[pri:0, instance:DashboardTestCase.TC0001_DashboardTest@77f1baf5]" started-at="2025-07-01T12:04:49 MYT" name="login" finished-at="2025-07-01T12:04:52 MYT" duration-ms="3094" status="PASS">
          <reporter-output>
          </reporter-output>
        </test-method> <!-- login -->
        <test-method signature="verifyactionTitle()[pri:2, instance:DashboardTestCase.TC0001_DashboardTest@77f1baf5]" started-at="2025-07-01T12:04:52 MYT" name="verifyactionTitle" finished-at="2025-07-01T12:04:55 MYT" duration-ms="2525" status="PASS">
          <reporter-output>
          </reporter-output>
        </test-method> <!-- verifyactionTitle -->
        <test-method is-config="true" signature="login()[pri:0, instance:DashboardTestCase.TC0001_DashboardTest@77f1baf5]" started-at="2025-07-01T12:04:55 MYT" name="login" finished-at="2025-07-01T12:04:58 MYT" duration-ms="2948" status="PASS">
          <reporter-output>
          </reporter-output>
        </test-method> <!-- login -->
        <test-method signature="verifylaunchTitle()[pri:3, instance:DashboardTestCase.TC0001_DashboardTest@77f1baf5]" started-at="2025-07-01T12:04:58 MYT" name="verifylaunchTitle" finished-at="2025-07-01T12:05:00 MYT" duration-ms="2330" status="PASS">
          <reporter-output>
          </reporter-output>
        </test-method> <!-- verifylaunchTitle -->
        <test-method is-config="true" signature="login()[pri:0, instance:DashboardTestCase.TC0001_DashboardTest@77f1baf5]" started-at="2025-07-01T12:05:00 MYT" name="login" finished-at="2025-07-01T12:05:03 MYT" duration-ms="3110" status="PASS">
          <reporter-output>
          </reporter-output>
        </test-method> <!-- login -->
        <test-method signature="verifyBuzzTitle()[pri:4, instance:DashboardTestCase.TC0001_DashboardTest@77f1baf5]" started-at="2025-07-01T12:05:03 MYT" name="verifyBuzzTitle" finished-at="2025-07-01T12:05:06 MYT" duration-ms="3249" status="PASS">
          <reporter-output>
          </reporter-output>
        </test-method> <!-- verifyBuzzTitle -->
        <test-method is-config="true" signature="login()[pri:0, instance:DashboardTestCase.TC0001_DashboardTest@77f1baf5]" started-at="2025-07-01T12:05:06 MYT" name="login" finished-at="2025-07-01T12:05:10 MYT" duration-ms="3101" status="PASS">
          <reporter-output>
          </reporter-output>
        </test-method> <!-- login -->
        <test-method signature="verifyOnleaveTitle()[pri:5, instance:DashboardTestCase.TC0001_DashboardTest@77f1baf5]" started-at="2025-07-01T12:05:10 MYT" name="verifyOnleaveTitle" finished-at="2025-07-01T12:05:12 MYT" duration-ms="2664" status="PASS">
          <reporter-output>
          </reporter-output>
        </test-method> <!-- verifyOnleaveTitle -->
        <test-method is-config="true" signature="login()[pri:0, instance:DashboardTestCase.TC0001_DashboardTest@77f1baf5]" started-at="2025-07-01T12:05:12 MYT" name="login" finished-at="2025-07-01T12:05:15 MYT" duration-ms="3177" status="PASS">
          <reporter-output>
          </reporter-output>
        </test-method> <!-- login -->
        <test-method signature="verifysubunitTitle()[pri:6, instance:DashboardTestCase.TC0001_DashboardTest@77f1baf5]" started-at="2025-07-01T12:05:15 MYT" name="verifysubunitTitle" finished-at="2025-07-01T12:05:19 MYT" duration-ms="3133" status="PASS">
          <reporter-output>
          </reporter-output>
        </test-method> <!-- verifysubunitTitle -->
        <test-method is-config="true" signature="login()[pri:0, instance:DashboardTestCase.TC0001_DashboardTest@77f1baf5]" started-at="2025-07-01T12:05:19 MYT" name="login" finished-at="2025-07-01T12:05:22 MYT" duration-ms="3098" status="PASS">
          <reporter-output>
          </reporter-output>
        </test-method> <!-- login -->
        <test-method signature="verifylocationTitle()[pri:7, instance:DashboardTestCase.TC0001_DashboardTest@77f1baf5]" started-at="2025-07-01T12:05:22 MYT" name="verifylocationTitle" finished-at="2025-07-01T12:05:24 MYT" duration-ms="2703" status="PASS">
          <reporter-output>
          </reporter-output>
        </test-method> <!-- verifylocationTitle -->
        <test-method is-config="true" signature="teardown()[pri:0, instance:DashboardTestCase.TC0001_DashboardTest@77f1baf5]" started-at="2025-07-01T12:05:24 MYT" name="teardown" finished-at="2025-07-01T12:05:25 MYT" duration-ms="168" status="PASS">
          <reporter-output>
          </reporter-output>
        </test-method> <!-- teardown -->
      </class> <!-- DashboardTestCase.TC0001_DashboardTest -->
    </test> <!-- Test -->
  </suite> <!-- Suite -->
</testng-results>
